<?xml version="1.0" encoding="UTF-8"?>
<testsuites>
  <testsuite name="OrderStats" tests="1" assertions="1" failures="0" errors="0" time="0.005270">
    <testsuite name="PersonTest" file="/var/www/Uebungsaufgaben/tests/PersonTest.php" tests="1" assertions="1" failures="0" errors="0" time="0.005270">
      <testcase name="testDummy" class="PersonTest" file="/var/www/Uebungsaufgaben/tests/PersonTest.php" line="21" assertions="1" time="0.005270"/>
    </testsuite>
  </testsuite>
</testsuites>
